<?xml version="1.0" encoding="UTF-8"?>
<!-- Generated by org.testng.reporters.JUnitReportReporter -->
<testsuite skipped="0" hostname="DESKTOP-4TQEC9G" name="com.qa.hubspot.tests.HomePageTest" tests="1" failures="0" timestamp="10 Dec 2019 03:59:37 GMT" time="0.431" errors="0">
  <testcase name="verifyHomePageHeaderValueTest" time="0.431" classname="com.qa.hubspot.tests.HomePageTest"/>
</testsuite> <!-- com.qa.hubspot.tests.HomePageTest -->
